<?xml version="1.0" encoding="UTF-8"?>
<testsuite xmlns:xsi="http://www.w3.org/2001/XMLSchema-instance" xsi:noNamespaceSchemaLocation="https://maven.apache.org/surefire/maven-surefire-plugin/xsd/surefire-test-report.xsd" version="3.0.2" name="com.metar.decoder.MetarDecoderApplicationTests" time="7.161" tests="1" errors="0" skipped="0" failures="0">
  <properties>
    <property name="java.specification.version" value="23"/>
    <property name="sun.cpu.isalist" value="amd64"/>
    <property name="sun.jnu.encoding" value="Cp1252"/>
    <property name="java.class.path" value="E:\Eclipse\EclipseWorkSpace\METAR_DECODER\target\test-classes;E:\Eclipse\EclipseWorkSpace\METAR_DECODER\target\classes;C:\Users\Kaushik Walwadkar\.m2\repository\org\springframework\boot\spring-boot-starter\3.4.2-SNAPSHOT\spring-boot-starter-3.4.2-SNAPSHOT.jar;C:\Users\Kaushik Walwadkar\.m2\repository\org\springframework\boot\spring-boot\3.4.2-SNAPSHOT\spring-boot-3.4.2-SNAPSHOT.jar;C:\Users\Kaushik Walwadkar\.m2\repository\org\springframework\spring-context\6.2.2\spring-context-6.2.2.jar;C:\Users\Kaushik Walwadkar\.m2\repository\org\springframework\boot\spring-boot-autoconfigure\3.4.2-SNAPSHOT\spring-boot-autoconfigure-3.4.2-SNAPSHOT.jar;C:\Users\Kaushik Walwadkar\.m2\repository\org\springframework\boot\spring-boot-starter-logging\3.4.2-SNAPSHOT\spring-boot-starter-logging-3.4.2-SNAPSHOT.jar;C:\Users\Kaushik Walwadkar\.m2\repository\ch\qos\logback\logback-classic\1.5.16\logback-classic-1.5.16.jar;C:\Users\Kaushik Walwadkar\.m2\repository\ch\qos\logback\logback-core\1.5.16\logback-core-1.5.16.jar;C:\Users\Kaushik Walwadkar\.m2\repository\org\apache\logging\log4j\log4j-to-slf4j\2.24.3\log4j-to-slf4j-2.24.3.jar;C:\Users\Kaushik Walwadkar\.m2\repository\org\apache\logging\log4j\log4j-api\2.24.3\log4j-api-2.24.3.jar;C:\Users\Kaushik Walwadkar\.m2\repository\org\slf4j\jul-to-slf4j\2.0.16\jul-to-slf4j-2.0.16.jar;C:\Users\Kaushik Walwadkar\.m2\repository\jakarta\annotation\jakarta.annotation-api\2.1.1\jakarta.annotation-api-2.1.1.jar;C:\Users\Kaushik Walwadkar\.m2\repository\org\springframework\spring-core\6.2.2\spring-core-6.2.2.jar;C:\Users\Kaushik Walwadkar\.m2\repository\org\springframework\spring-jcl\6.2.2\spring-jcl-6.2.2.jar;C:\Users\Kaushik Walwadkar\.m2\repository\org\yaml\snakeyaml\2.3\snakeyaml-2.3.jar;C:\Users\Kaushik Walwadkar\.m2\repository\org\springframework\boot\spring-boot-starter-security\3.4.2-SNAPSHOT\spring-boot-starter-security-3.4.2-SNAPSHOT.jar;C:\Users\Kaushik Walwadkar\.m2\repository\org\springframework\spring-aop\6.2.2\spring-aop-6.2.2.jar;C:\Users\Kaushik Walwadkar\.m2\repository\org\springframework\spring-beans\6.2.2\spring-beans-6.2.2.jar;C:\Users\Kaushik Walwadkar\.m2\repository\org\springframework\security\spring-security-config\6.4.2\spring-security-config-6.4.2.jar;C:\Users\Kaushik Walwadkar\.m2\repository\org\springframework\security\spring-security-core\6.4.2\spring-security-core-6.4.2.jar;C:\Users\Kaushik Walwadkar\.m2\repository\org\springframework\security\spring-security-crypto\6.4.2\spring-security-crypto-6.4.2.jar;C:\Users\Kaushik Walwadkar\.m2\repository\org\springframework\security\spring-security-web\6.4.2\spring-security-web-6.4.2.jar;C:\Users\Kaushik Walwadkar\.m2\repository\org\springframework\spring-expression\6.2.2\spring-expression-6.2.2.jar;C:\Users\Kaushik Walwadkar\.m2\repository\org\springframework\boot\spring-boot-starter-test\3.4.2-SNAPSHOT\spring-boot-starter-test-3.4.2-SNAPSHOT.jar;C:\Users\Kaushik Walwadkar\.m2\repository\org\springframework\boot\spring-boot-test\3.4.2-SNAPSHOT\spring-boot-test-3.4.2-SNAPSHOT.jar;C:\Users\Kaushik Walwadkar\.m2\repository\org\springframework\boot\spring-boot-test-autoconfigure\3.4.2-SNAPSHOT\spring-boot-test-autoconfigure-3.4.2-SNAPSHOT.jar;C:\Users\Kaushik Walwadkar\.m2\repository\com\jayway\jsonpath\json-path\2.9.0\json-path-2.9.0.jar;C:\Users\Kaushik Walwadkar\.m2\repository\org\slf4j\slf4j-api\2.0.16\slf4j-api-2.0.16.jar;C:\Users\Kaushik Walwadkar\.m2\repository\jakarta\xml\bind\jakarta.xml.bind-api\4.0.2\jakarta.xml.bind-api-4.0.2.jar;C:\Users\Kaushik Walwadkar\.m2\repository\jakarta\activation\jakarta.activation-api\2.1.3\jakarta.activation-api-2.1.3.jar;C:\Users\Kaushik Walwadkar\.m2\repository\net\minidev\json-smart\2.5.1\json-smart-2.5.1.jar;C:\Users\Kaushik Walwadkar\.m2\repository\net\minidev\accessors-smart\2.5.1\accessors-smart-2.5.1.jar;C:\Users\Kaushik Walwadkar\.m2\repository\org\ow2\asm\asm\9.6\asm-9.6.jar;C:\Users\Kaushik Walwadkar\.m2\repository\org\assertj\assertj-core\3.26.3\assertj-core-3.26.3.jar;C:\Users\Kaushik Walwadkar\.m2\repository\net\bytebuddy\byte-buddy\1.15.11\byte-buddy-1.15.11.jar;C:\Users\Kaushik Walwadkar\.m2\repository\org\awaitility\awaitility\4.2.2\awaitility-4.2.2.jar;C:\Users\Kaushik Walwadkar\.m2\repository\org\hamcrest\hamcrest\2.2\hamcrest-2.2.jar;C:\Users\Kaushik Walwadkar\.m2\repository\org\junit\jupiter\junit-jupiter\5.11.4\junit-jupiter-5.11.4.jar;C:\Users\Kaushik Walwadkar\.m2\repository\org\junit\jupiter\junit-jupiter-api\5.11.4\junit-jupiter-api-5.11.4.jar;C:\Users\Kaushik Walwadkar\.m2\repository\org\opentest4j\opentest4j\1.3.0\opentest4j-1.3.0.jar;C:\Users\Kaushik Walwadkar\.m2\repository\org\junit\platform\junit-platform-commons\1.11.4\junit-platform-commons-1.11.4.jar;C:\Users\Kaushik Walwadkar\.m2\repository\org\apiguardian\apiguardian-api\1.1.2\apiguardian-api-1.1.2.jar;C:\Users\Kaushik Walwadkar\.m2\repository\org\junit\jupiter\junit-jupiter-params\5.11.4\junit-jupiter-params-5.11.4.jar;C:\Users\Kaushik Walwadkar\.m2\repository\org\junit\jupiter\junit-jupiter-engine\5.11.4\junit-jupiter-engine-5.11.4.jar;C:\Users\Kaushik Walwadkar\.m2\repository\org\junit\platform\junit-platform-engine\1.11.4\junit-platform-engine-1.11.4.jar;C:\Users\Kaushik Walwadkar\.m2\repository\org\mockito\mockito-core\5.14.2\mockito-core-5.14.2.jar;C:\Users\Kaushik Walwadkar\.m2\repository\net\bytebuddy\byte-buddy-agent\1.15.11\byte-buddy-agent-1.15.11.jar;C:\Users\Kaushik Walwadkar\.m2\repository\org\objenesis\objenesis\3.3\objenesis-3.3.jar;C:\Users\Kaushik Walwadkar\.m2\repository\org\mockito\mockito-junit-jupiter\5.14.2\mockito-junit-jupiter-5.14.2.jar;C:\Users\Kaushik Walwadkar\.m2\repository\org\skyscreamer\jsonassert\1.5.3\jsonassert-1.5.3.jar;C:\Users\Kaushik Walwadkar\.m2\repository\com\vaadin\external\google\android-json\0.0.20131108.vaadin1\android-json-0.0.20131108.vaadin1.jar;C:\Users\Kaushik Walwadkar\.m2\repository\org\springframework\spring-test\6.2.2\spring-test-6.2.2.jar;C:\Users\Kaushik Walwadkar\.m2\repository\org\xmlunit\xmlunit-core\2.10.0\xmlunit-core-2.10.0.jar;C:\Users\Kaushik Walwadkar\.m2\repository\com\fasterxml\jackson\core\jackson-databind\2.15.2\jackson-databind-2.15.2.jar;C:\Users\Kaushik Walwadkar\.m2\repository\com\fasterxml\jackson\core\jackson-annotations\2.18.2\jackson-annotations-2.18.2.jar;C:\Users\Kaushik Walwadkar\.m2\repository\com\fasterxml\jackson\core\jackson-core\2.18.2\jackson-core-2.18.2.jar;C:\Users\Kaushik Walwadkar\.m2\repository\org\springframework\boot\spring-boot-starter-web\3.4.2-SNAPSHOT\spring-boot-starter-web-3.4.2-SNAPSHOT.jar;C:\Users\Kaushik Walwadkar\.m2\repository\org\springframework\boot\spring-boot-starter-json\3.4.2-SNAPSHOT\spring-boot-starter-json-3.4.2-SNAPSHOT.jar;C:\Users\Kaushik Walwadkar\.m2\repository\com\fasterxml\jackson\datatype\jackson-datatype-jdk8\2.18.2\jackson-datatype-jdk8-2.18.2.jar;C:\Users\Kaushik Walwadkar\.m2\repository\com\fasterxml\jackson\datatype\jackson-datatype-jsr310\2.18.2\jackson-datatype-jsr310-2.18.2.jar;C:\Users\Kaushik Walwadkar\.m2\repository\com\fasterxml\jackson\module\jackson-module-parameter-names\2.18.2\jackson-module-parameter-names-2.18.2.jar;C:\Users\Kaushik Walwadkar\.m2\repository\org\springframework\boot\spring-boot-starter-tomcat\3.4.2-SNAPSHOT\spring-boot-starter-tomcat-3.4.2-SNAPSHOT.jar;C:\Users\Kaushik Walwadkar\.m2\repository\org\apache\tomcat\embed\tomcat-embed-core\10.1.34\tomcat-embed-core-10.1.34.jar;C:\Users\Kaushik Walwadkar\.m2\repository\org\apache\tomcat\embed\tomcat-embed-el\10.1.34\tomcat-embed-el-10.1.34.jar;C:\Users\Kaushik Walwadkar\.m2\repository\org\apache\tomcat\embed\tomcat-embed-websocket\10.1.34\tomcat-embed-websocket-10.1.34.jar;C:\Users\Kaushik Walwadkar\.m2\repository\org\springframework\spring-web\6.2.2\spring-web-6.2.2.jar;C:\Users\Kaushik Walwadkar\.m2\repository\io\micrometer\micrometer-observation\1.14.3\micrometer-observation-1.14.3.jar;C:\Users\Kaushik Walwadkar\.m2\repository\io\micrometer\micrometer-commons\1.14.3\micrometer-commons-1.14.3.jar;C:\Users\Kaushik Walwadkar\.m2\repository\org\springframework\spring-webmvc\6.2.2\spring-webmvc-6.2.2.jar;C:\Users\Kaushik Walwadkar\.m2\repository\org\springframework\boot\spring-boot-starter-thymeleaf\3.4.2-SNAPSHOT\spring-boot-starter-thymeleaf-3.4.2-SNAPSHOT.jar;C:\Users\Kaushik Walwadkar\.m2\repository\org\thymeleaf\thymeleaf-spring6\3.1.3.RELEASE\thymeleaf-spring6-3.1.3.RELEASE.jar;C:\Users\Kaushik Walwadkar\.m2\repository\org\thymeleaf\thymeleaf\3.1.3.RELEASE\thymeleaf-3.1.3.RELEASE.jar;C:\Users\Kaushik Walwadkar\.m2\repository\org\attoparser\attoparser\2.0.7.RELEASE\attoparser-2.0.7.RELEASE.jar;C:\Users\Kaushik Walwadkar\.m2\repository\org\unbescape\unbescape\1.1.6.RELEASE\unbescape-1.1.6.RELEASE.jar;"/>
    <property name="java.vm.vendor" value="Eclipse Adoptium"/>
    <property name="sun.arch.data.model" value="64"/>
    <property name="user.variant" value=""/>
    <property name="java.vendor.url" value="https://adoptium.net/"/>
    <property name="user.timezone" value="Asia/Calcutta"/>
    <property name="os.name" value="Windows 11"/>
    <property name="java.vm.specification.version" value="23"/>
    <property name="sun.java.launcher" value="SUN_STANDARD"/>
    <property name="user.country" value="IN"/>
    <property name="sun.boot.library.path" value="C:\Users\Kaushik Walwadkar\.p2\pool\plugins\org.eclipse.justj.openjdk.hotspot.jre.full.win32.x86_64_23.0.1.v20241024-1700\jre\bin"/>
    <property name="sun.java.command" value="C:\Users\Kaushik Walwadkar\AppData\Local\Temp\surefire12927821149835964237\surefirebooter-20250127150241370_3.jar C:\Users\Kaushik Walwadkar\AppData\Local\Temp\surefire12927821149835964237 2025-01-27T15-02-40_989-jvmRun1 surefire-20250127150241370_1tmp surefire_0-20250127150241370_2tmp"/>
    <property name="jdk.debug" value="release"/>
    <property name="surefire.test.class.path" value="E:\Eclipse\EclipseWorkSpace\METAR_DECODER\target\test-classes;E:\Eclipse\EclipseWorkSpace\METAR_DECODER\target\classes;C:\Users\Kaushik Walwadkar\.m2\repository\org\springframework\boot\spring-boot-starter\3.4.2-SNAPSHOT\spring-boot-starter-3.4.2-SNAPSHOT.jar;C:\Users\Kaushik Walwadkar\.m2\repository\org\springframework\boot\spring-boot\3.4.2-SNAPSHOT\spring-boot-3.4.2-SNAPSHOT.jar;C:\Users\Kaushik Walwadkar\.m2\repository\org\springframework\spring-context\6.2.2\spring-context-6.2.2.jar;C:\Users\Kaushik Walwadkar\.m2\repository\org\springframework\boot\spring-boot-autoconfigure\3.4.2-SNAPSHOT\spring-boot-autoconfigure-3.4.2-SNAPSHOT.jar;C:\Users\Kaushik Walwadkar\.m2\repository\org\springframework\boot\spring-boot-starter-logging\3.4.2-SNAPSHOT\spring-boot-starter-logging-3.4.2-SNAPSHOT.jar;C:\Users\Kaushik Walwadkar\.m2\repository\ch\qos\logback\logback-classic\1.5.16\logback-classic-1.5.16.jar;C:\Users\Kaushik Walwadkar\.m2\repository\ch\qos\logback\logback-core\1.5.16\logback-core-1.5.16.jar;C:\Users\Kaushik Walwadkar\.m2\repository\org\apache\logging\log4j\log4j-to-slf4j\2.24.3\log4j-to-slf4j-2.24.3.jar;C:\Users\Kaushik Walwadkar\.m2\repository\org\apache\logging\log4j\log4j-api\2.24.3\log4j-api-2.24.3.jar;C:\Users\Kaushik Walwadkar\.m2\repository\org\slf4j\jul-to-slf4j\2.0.16\jul-to-slf4j-2.0.16.jar;C:\Users\Kaushik Walwadkar\.m2\repository\jakarta\annotation\jakarta.annotation-api\2.1.1\jakarta.annotation-api-2.1.1.jar;C:\Users\Kaushik Walwadkar\.m2\repository\org\springframework\spring-core\6.2.2\spring-core-6.2.2.jar;C:\Users\Kaushik Walwadkar\.m2\repository\org\springframework\spring-jcl\6.2.2\spring-jcl-6.2.2.jar;C:\Users\Kaushik Walwadkar\.m2\repository\org\yaml\snakeyaml\2.3\snakeyaml-2.3.jar;C:\Users\Kaushik Walwadkar\.m2\repository\org\springframework\boot\spring-boot-starter-security\3.4.2-SNAPSHOT\spring-boot-starter-security-3.4.2-SNAPSHOT.jar;C:\Users\Kaushik Walwadkar\.m2\repository\org\springframework\spring-aop\6.2.2\spring-aop-6.2.2.jar;C:\Users\Kaushik Walwadkar\.m2\repository\org\springframework\spring-beans\6.2.2\spring-beans-6.2.2.jar;C:\Users\Kaushik Walwadkar\.m2\repository\org\springframework\security\spring-security-config\6.4.2\spring-security-config-6.4.2.jar;C:\Users\Kaushik Walwadkar\.m2\repository\org\springframework\security\spring-security-core\6.4.2\spring-security-core-6.4.2.jar;C:\Users\Kaushik Walwadkar\.m2\repository\org\springframework\security\spring-security-crypto\6.4.2\spring-security-crypto-6.4.2.jar;C:\Users\Kaushik Walwadkar\.m2\repository\org\springframework\security\spring-security-web\6.4.2\spring-security-web-6.4.2.jar;C:\Users\Kaushik Walwadkar\.m2\repository\org\springframework\spring-expression\6.2.2\spring-expression-6.2.2.jar;C:\Users\Kaushik Walwadkar\.m2\repository\org\springframework\boot\spring-boot-starter-test\3.4.2-SNAPSHOT\spring-boot-starter-test-3.4.2-SNAPSHOT.jar;C:\Users\Kaushik Walwadkar\.m2\repository\org\springframework\boot\spring-boot-test\3.4.2-SNAPSHOT\spring-boot-test-3.4.2-SNAPSHOT.jar;C:\Users\Kaushik Walwadkar\.m2\repository\org\springframework\boot\spring-boot-test-autoconfigure\3.4.2-SNAPSHOT\spring-boot-test-autoconfigure-3.4.2-SNAPSHOT.jar;C:\Users\Kaushik Walwadkar\.m2\repository\com\jayway\jsonpath\json-path\2.9.0\json-path-2.9.0.jar;C:\Users\Kaushik Walwadkar\.m2\repository\org\slf4j\slf4j-api\2.0.16\slf4j-api-2.0.16.jar;C:\Users\Kaushik Walwadkar\.m2\repository\jakarta\xml\bind\jakarta.xml.bind-api\4.0.2\jakarta.xml.bind-api-4.0.2.jar;C:\Users\Kaushik Walwadkar\.m2\repository\jakarta\activation\jakarta.activation-api\2.1.3\jakarta.activation-api-2.1.3.jar;C:\Users\Kaushik Walwadkar\.m2\repository\net\minidev\json-smart\2.5.1\json-smart-2.5.1.jar;C:\Users\Kaushik Walwadkar\.m2\repository\net\minidev\accessors-smart\2.5.1\accessors-smart-2.5.1.jar;C:\Users\Kaushik Walwadkar\.m2\repository\org\ow2\asm\asm\9.6\asm-9.6.jar;C:\Users\Kaushik Walwadkar\.m2\repository\org\assertj\assertj-core\3.26.3\assertj-core-3.26.3.jar;C:\Users\Kaushik Walwadkar\.m2\repository\net\bytebuddy\byte-buddy\1.15.11\byte-buddy-1.15.11.jar;C:\Users\Kaushik Walwadkar\.m2\repository\org\awaitility\awaitility\4.2.2\awaitility-4.2.2.jar;C:\Users\Kaushik Walwadkar\.m2\repository\org\hamcrest\hamcrest\2.2\hamcrest-2.2.jar;C:\Users\Kaushik Walwadkar\.m2\repository\org\junit\jupiter\junit-jupiter\5.11.4\junit-jupiter-5.11.4.jar;C:\Users\Kaushik Walwadkar\.m2\repository\org\junit\jupiter\junit-jupiter-api\5.11.4\junit-jupiter-api-5.11.4.jar;C:\Users\Kaushik Walwadkar\.m2\repository\org\opentest4j\opentest4j\1.3.0\opentest4j-1.3.0.jar;C:\Users\Kaushik Walwadkar\.m2\repository\org\junit\platform\junit-platform-commons\1.11.4\junit-platform-commons-1.11.4.jar;C:\Users\Kaushik Walwadkar\.m2\repository\org\apiguardian\apiguardian-api\1.1.2\apiguardian-api-1.1.2.jar;C:\Users\Kaushik Walwadkar\.m2\repository\org\junit\jupiter\junit-jupiter-params\5.11.4\junit-jupiter-params-5.11.4.jar;C:\Users\Kaushik Walwadkar\.m2\repository\org\junit\jupiter\junit-jupiter-engine\5.11.4\junit-jupiter-engine-5.11.4.jar;C:\Users\Kaushik Walwadkar\.m2\repository\org\junit\platform\junit-platform-engine\1.11.4\junit-platform-engine-1.11.4.jar;C:\Users\Kaushik Walwadkar\.m2\repository\org\mockito\mockito-core\5.14.2\mockito-core-5.14.2.jar;C:\Users\Kaushik Walwadkar\.m2\repository\net\bytebuddy\byte-buddy-agent\1.15.11\byte-buddy-agent-1.15.11.jar;C:\Users\Kaushik Walwadkar\.m2\repository\org\objenesis\objenesis\3.3\objenesis-3.3.jar;C:\Users\Kaushik Walwadkar\.m2\repository\org\mockito\mockito-junit-jupiter\5.14.2\mockito-junit-jupiter-5.14.2.jar;C:\Users\Kaushik Walwadkar\.m2\repository\org\skyscreamer\jsonassert\1.5.3\jsonassert-1.5.3.jar;C:\Users\Kaushik Walwadkar\.m2\repository\com\vaadin\external\google\android-json\0.0.20131108.vaadin1\android-json-0.0.20131108.vaadin1.jar;C:\Users\Kaushik Walwadkar\.m2\repository\org\springframework\spring-test\6.2.2\spring-test-6.2.2.jar;C:\Users\Kaushik Walwadkar\.m2\repository\org\xmlunit\xmlunit-core\2.10.0\xmlunit-core-2.10.0.jar;C:\Users\Kaushik Walwadkar\.m2\repository\com\fasterxml\jackson\core\jackson-databind\2.15.2\jackson-databind-2.15.2.jar;C:\Users\Kaushik Walwadkar\.m2\repository\com\fasterxml\jackson\core\jackson-annotations\2.18.2\jackson-annotations-2.18.2.jar;C:\Users\Kaushik Walwadkar\.m2\repository\com\fasterxml\jackson\core\jackson-core\2.18.2\jackson-core-2.18.2.jar;C:\Users\Kaushik Walwadkar\.m2\repository\org\springframework\boot\spring-boot-starter-web\3.4.2-SNAPSHOT\spring-boot-starter-web-3.4.2-SNAPSHOT.jar;C:\Users\Kaushik Walwadkar\.m2\repository\org\springframework\boot\spring-boot-starter-json\3.4.2-SNAPSHOT\spring-boot-starter-json-3.4.2-SNAPSHOT.jar;C:\Users\Kaushik Walwadkar\.m2\repository\com\fasterxml\jackson\datatype\jackson-datatype-jdk8\2.18.2\jackson-datatype-jdk8-2.18.2.jar;C:\Users\Kaushik Walwadkar\.m2\repository\com\fasterxml\jackson\datatype\jackson-datatype-jsr310\2.18.2\jackson-datatype-jsr310-2.18.2.jar;C:\Users\Kaushik Walwadkar\.m2\repository\com\fasterxml\jackson\module\jackson-module-parameter-names\2.18.2\jackson-module-parameter-names-2.18.2.jar;C:\Users\Kaushik Walwadkar\.m2\repository\org\springframework\boot\spring-boot-starter-tomcat\3.4.2-SNAPSHOT\spring-boot-starter-tomcat-3.4.2-SNAPSHOT.jar;C:\Users\Kaushik Walwadkar\.m2\repository\org\apache\tomcat\embed\tomcat-embed-core\10.1.34\tomcat-embed-core-10.1.34.jar;C:\Users\Kaushik Walwadkar\.m2\repository\org\apache\tomcat\embed\tomcat-embed-el\10.1.34\tomcat-embed-el-10.1.34.jar;C:\Users\Kaushik Walwadkar\.m2\repository\org\apache\tomcat\embed\tomcat-embed-websocket\10.1.34\tomcat-embed-websocket-10.1.34.jar;C:\Users\Kaushik Walwadkar\.m2\repository\org\springframework\spring-web\6.2.2\spring-web-6.2.2.jar;C:\Users\Kaushik Walwadkar\.m2\repository\io\micrometer\micrometer-observation\1.14.3\micrometer-observation-1.14.3.jar;C:\Users\Kaushik Walwadkar\.m2\repository\io\micrometer\micrometer-commons\1.14.3\micrometer-commons-1.14.3.jar;C:\Users\Kaushik Walwadkar\.m2\repository\org\springframework\spring-webmvc\6.2.2\spring-webmvc-6.2.2.jar;C:\Users\Kaushik Walwadkar\.m2\repository\org\springframework\boot\spring-boot-starter-thymeleaf\3.4.2-SNAPSHOT\spring-boot-starter-thymeleaf-3.4.2-SNAPSHOT.jar;C:\Users\Kaushik Walwadkar\.m2\repository\org\thymeleaf\thymeleaf-spring6\3.1.3.RELEASE\thymeleaf-spring6-3.1.3.RELEASE.jar;C:\Users\Kaushik Walwadkar\.m2\repository\org\thymeleaf\thymeleaf\3.1.3.RELEASE\thymeleaf-3.1.3.RELEASE.jar;C:\Users\Kaushik Walwadkar\.m2\repository\org\attoparser\attoparser\2.0.7.RELEASE\attoparser-2.0.7.RELEASE.jar;C:\Users\Kaushik Walwadkar\.m2\repository\org\unbescape\unbescape\1.1.6.RELEASE\unbescape-1.1.6.RELEASE.jar;"/>
    <property name="sun.cpu.endian" value="little"/>
    <property name="user.home" value="C:\Users\Kaushik Walwadkar"/>
    <property name="user.language" value="en"/>
    <property name="java.specification.vendor" value="Oracle Corporation"/>
    <property name="java.version.date" value="2024-10-15"/>
    <property name="java.home" value="C:\Users\Kaushik Walwadkar\.p2\pool\plugins\org.eclipse.justj.openjdk.hotspot.jre.full.win32.x86_64_23.0.1.v20241024-1700\jre"/>
    <property name="file.separator" value="\"/>
    <property name="basedir" value="E:\Eclipse\EclipseWorkSpace\METAR_DECODER"/>
    <property name="style.color" value="always"/>
    <property name="java.vm.compressedOopsMode" value="32-bit"/>
    <property name="line.separator" value="&#10;"/>
    <property name="java.vm.specification.vendor" value="Oracle Corporation"/>
    <property name="java.specification.name" value="Java Platform API Specification"/>
    <property name="FILE_LOG_CHARSET" value="UTF-8"/>
    <property name="java.awt.headless" value="true"/>
    <property name="surefire.real.class.path" value="C:\Users\Kaushik Walwadkar\AppData\Local\Temp\surefire12927821149835964237\surefirebooter-20250127150241370_3.jar"/>
    <property name="user.script" value=""/>
    <property name="sun.management.compiler" value="HotSpot 64-Bit Tiered Compilers"/>
    <property name="java.runtime.version" value="23.0.1+11"/>
    <property name="user.name" value="Kaushik Walwadkar"/>
    <property name="stdout.encoding" value="Cp1252"/>
    <property name="path.separator" value=";"/>
    <property name="os.version" value="10.0"/>
    <property name="java.runtime.name" value="OpenJDK Runtime Environment"/>
    <property name="file.encoding" value="UTF-8"/>
    <property name="java.vm.name" value="OpenJDK 64-Bit Server VM"/>
    <property name="java.vendor.version" value="Temurin-23.0.1+11"/>
    <property name="localRepository" value="C:\Users\Kaushik Walwadkar\.m2\repository"/>
    <property name="java.vendor.url.bug" value="https://github.com/adoptium/adoptium-support/issues"/>
    <property name="java.io.tmpdir" value="C:\Users\KAUSHI~1\AppData\Local\Temp\"/>
    <property name="java.version" value="23.0.1"/>
    <property name="user.dir" value="E:\Eclipse\EclipseWorkSpace\METAR_DECODER"/>
    <property name="os.arch" value="amd64"/>
    <property name="java.vm.specification.name" value="Java Virtual Machine Specification"/>
    <property name="PID" value="17708"/>
    <property name="sun.os.patch.level" value=""/>
    <property name="CONSOLE_LOG_CHARSET" value="UTF-8"/>
    <property name="native.encoding" value="Cp1252"/>
    <property name="java.library.path" value="C:\Users\Kaushik Walwadkar\.p2\pool\plugins\org.eclipse.justj.openjdk.hotspot.jre.full.win32.x86_64_23.0.1.v20241024-1700\jre\bin;C:\WINDOWS\Sun\Java\bin;C:\WINDOWS\system32;C:\WINDOWS;C:/Users/Kaushik Walwadkar/.p2/pool/plugins/org.eclipse.justj.openjdk.hotspot.jre.full.win32.x86_64_23.0.1.v20241024-1700/jre/bin/server;C:/Users/Kaushik Walwadkar/.p2/pool/plugins/org.eclipse.justj.openjdk.hotspot.jre.full.win32.x86_64_23.0.1.v20241024-1700/jre/bin;C:\Python313\Scripts\;C:\Python313\;G:\Oracle\dbhomeXE\bin;C:\Program Files (x86)\Common Files\Oracle\Java\javapath;G:\Oracle\product\21c\dbhomeXE\bin;C:\Program Files\Common Files\Oracle\Java\javapath;C:\WINDOWS\system32;C:\WINDOWS;C:\WINDOWS\System32\Wbem;C:\WINDOWS\System32\WindowsPowerShell\v1.0\;C:\WINDOWS\System32\OpenSSH\;C:\Program Files (x86)\Calibre2\;I:\Program Files\Java\jdk-16.0.2\bin;C:\Program Files\dotnet\;C:\Program Files\Microsoft SQL Server\150\Tools\Binn\;C:\Program Files\Microsoft SQL Server\Client SDK\ODBC\170\Tools\Binn\;E:\Git\cmd;C:\ProgramData\chocolatey\bin;E:\nodejs\;C:\Program Files\Docker\Docker\resources\bin;C:\Program Files\MySQL\MySQL Shell 8.0\bin\;C:\Users\Kaushik Walwadkar\AppData\Local\Microsoft\WindowsApps;C:\Users\Kaushik Walwadkar\AppData\Local\Programs\Microsoft VS Code\bin;C:\Users\Kaushik Walwadkar\AppData\Local\Microsoft\WindowsApps;I:\Program Files\JetBrains\PyCharm Community Edition 2022.3.2\bin;;C:\Users\Kaushik Walwadkar\.dotnet\tools;C:\Program Files\nodejs;C:\Users\Kaushik Walwadkar\AppData\Roaming\npm;C:\Users\Kaushik Walwadkar\Desktop;;."/>
    <property name="java.vm.info" value="mixed mode, sharing"/>
    <property name="stderr.encoding" value="Cp1252"/>
    <property name="java.vendor" value="Eclipse Adoptium"/>
    <property name="java.vm.version" value="23.0.1+11"/>
    <property name="sun.io.unicode.encoding" value="UnicodeLittle"/>
    <property name="java.class.version" value="67.0"/>
  </properties>
  <testcase name="contextLoads" classname="com.metar.decoder.MetarDecoderApplicationTests" time="2.002">
    <system-out><![CDATA[15:02:43.111 [main] INFO org.springframework.test.context.support.AnnotationConfigContextLoaderUtils -- Could not detect default configuration classes for test class [com.metar.decoder.MetarDecoderApplicationTests]: MetarDecoderApplicationTests does not declare any static, non-private, non-final, nested classes annotated with @Configuration.
15:02:43.336 [main] INFO org.springframework.boot.test.context.SpringBootTestContextBootstrapper -- Found @SpringBootConfiguration com.metar.decoder.MetarDecoderApplication for test class com.metar.decoder.MetarDecoderApplicationTests

  .   ____          _            __ _ _
 /\\ / ___'_ __ _ _(_)_ __  __ _ \ \ \ \
( ( )\___ | '_ | '_| | '_ \/ _` | \ \ \ \
 \\/  ___)| |_)| | | | | || (_| |  ) ) ) )
  '  |____| .__|_| |_|_| |_\__, | / / / /
 =========|_|==============|___/=/_/_/_/

 :: Spring Boot ::       (v3.4.2-SNAPSHOT)

2025-01-27T15:02:44.210+05:30  INFO 17708 --- [           main] c.m.d.MetarDecoderApplicationTests       : Starting MetarDecoderApplicationTests using Java 23.0.1 with PID 17708 (started by Kaushik Walwadkar in E:\Eclipse\EclipseWorkSpace\METAR_DECODER)
2025-01-27T15:02:44.211+05:30  INFO 17708 --- [           main] c.m.d.MetarDecoderApplicationTests       : No active profile set, falling back to 1 default profile: "default"
2025-01-27T15:02:46.266+05:30  INFO 17708 --- [           main] r$InitializeUserDetailsManagerConfigurer : Global AuthenticationManager configured with UserDetailsService bean with name userDetailsService
2025-01-27T15:02:46.799+05:30  WARN 17708 --- [           main] onfigurer$ExpressionInterceptUrlRegistry : One of the patterns in [/login, /logout, login.html] is missing a leading slash. This is discouraged; please include the leading slash in all your request matcher patterns. In future versions of Spring Security, leaving out the leading slash will result in an exception.
2025-01-27T15:02:47.669+05:30  WARN 17708 --- [           main] ion$DefaultTemplateResolverConfiguration : Cannot find template location: classpath:/templates/ (please add some templates, check your Thymeleaf configuration, or set spring.thymeleaf.check-template-location=false)
2025-01-27T15:02:47.902+05:30  INFO 17708 --- [           main] c.m.d.MetarDecoderApplicationTests       : Started MetarDecoderApplicationTests in 4.269 seconds (process running for 6.268)
]]></system-out>
    <system-err><![CDATA[Mockito is currently self-attaching to enable the inline-mock-maker. This will no longer work in future releases of the JDK. Please add Mockito as an agent to your build what is described in Mockito's documentation: https://javadoc.io/doc/org.mockito/mockito-core/latest/org/mockito/Mockito.html#0.3
WARNING: A Java agent has been loaded dynamically (C:\Users\Kaushik Walwadkar\.m2\repository\net\bytebuddy\byte-buddy-agent\1.15.11\byte-buddy-agent-1.15.11.jar)
WARNING: If a serviceability tool is in use, please run with -XX:+EnableDynamicAgentLoading to hide this warning
WARNING: If a serviceability tool is not in use, please run with -Djdk.instrument.traceUsage for more information
WARNING: Dynamic loading of agents will be disallowed by default in a future release
]]></system-err>
  </testcase>
</testsuite>